<?xml version="1.0" encoding="UTF-8"?>
<!-- Generated by org.testng.reporters.JUnitReportReporter -->
<testsuite hostname="CYBERSPACE" failures="0" tests="1" name="BasicPrograms.PracticeForm" time="0.059" errors="0" timestamp="2023-12-30T11:48:08 IST" skipped="0">
  <testcase classname="BasicPrograms.PracticeForm" name="f" time="0.059"/>
  <system-out/>
</testsuite> <!-- BasicPrograms.PracticeForm -->
